  [1m[35m (502.8ms)[0m  [1m[35mCREATE DATABASE "rails_music_app_development" ENCODING = 'unicode'[0m
  [1m[35m (247.2ms)[0m  [1m[35mCREATE DATABASE "rails_music_app_test" ENCODING = 'unicode'[0m
  [1m[35m (57.4ms)[0m  [1m[35mCREATE TABLE "schema_migrations" ("version" character varying NOT NULL PRIMARY KEY)[0m
  [1m[35m (19.8ms)[0m  [1m[35mCREATE TABLE "ar_internal_metadata" ("key" character varying NOT NULL PRIMARY KEY, "value" character varying, "created_at" timestamp(6) NOT NULL, "updated_at" timestamp(6) NOT NULL)[0m
  [1m[35m (2.0ms)[0m  [1m[34mSELECT pg_try_advisory_lock(6842346718424595525)[0m
  [1m[36mActiveRecord::SchemaMigration Pluck (1.0ms)[0m  [1m[34mSELECT "schema_migrations"."version" FROM "schema_migrations" ORDER BY "schema_migrations"."version" ASC[0m
Migrating to CreateBands (20231003112750)
  [1m[36mTRANSACTION (0.8ms)[0m  [1m[35mBEGIN[0m
  [1m[35m (17.6ms)[0m  [1m[35mCREATE TABLE "bands" ("id" bigserial primary key, "name" text NOT NULL, "created_at" timestamp(6) NOT NULL, "updated_at" timestamp(6) NOT NULL)[0m
  [1m[36mActiveRecord::SchemaMigration Create (6.1ms)[0m  [1m[32mINSERT INTO "schema_migrations" ("version") VALUES ($1) RETURNING "version"[0m  [["version", "20231003112750"]]
  [1m[36mTRANSACTION (4.0ms)[0m  [1m[35mCOMMIT[0m
  [1m[36mActiveRecord::InternalMetadata Load (2.3ms)[0m  [1m[34mSELECT "ar_internal_metadata".* FROM "ar_internal_metadata" WHERE "ar_internal_metadata"."key" = $1 LIMIT $2[0m  [["key", "environment"], ["LIMIT", 1]]
  [1m[36mTRANSACTION (0.8ms)[0m  [1m[35mBEGIN[0m
  [1m[36mActiveRecord::InternalMetadata Create (3.1ms)[0m  [1m[32mINSERT INTO "ar_internal_metadata" ("key", "value", "created_at", "updated_at") VALUES ($1, $2, $3, $4) RETURNING "key"[0m  [["key", "environment"], ["value", "development"], ["created_at", "2023-10-03 11:30:35.846086"], ["updated_at", "2023-10-03 11:30:35.846086"]]
  [1m[36mTRANSACTION (3.0ms)[0m  [1m[35mCOMMIT[0m
  [1m[35m (0.5ms)[0m  [1m[34mSELECT pg_advisory_unlock(6842346718424595525)[0m
  [1m[36mActiveRecord::SchemaMigration Pluck (0.6ms)[0m  [1m[34mSELECT "schema_migrations"."version" FROM "schema_migrations" ORDER BY "schema_migrations"."version" ASC[0m
Started GET "/bands/new?name=Coldplay" for ::1 at 2023-10-03 08:00:58 -0400
  [1m[36mActiveRecord::SchemaMigration Pluck (0.9ms)[0m  [1m[34mSELECT "schema_migrations"."version" FROM "schema_migrations" ORDER BY "schema_migrations"."version" ASC[0m
  
SyntaxError (/home/akashpulluru/appacademy/AAClassWork3/W7D2/practice-for-ch-rails-music-app-long-practice-main/practice-for-ch-rails-music-app-long-practice-main/rails_music_app/app/controllers/bands_controller.rb:13: syntax error, unexpected label, expecting '='
...d.errors.full_messages, status: 422 
...                        ^~~~~~~
/home/akashpulluru/appacademy/AAClassWork3/W7D2/practice-for-ch-rails-music-app-long-practice-main/practice-for-ch-rails-music-app-long-practice-main/rails_music_app/app/controllers/bands_controller.rb:39: syntax error, unexpected label, expecting '='
...d.errors.full_messages, status: 422 
...                        ^~~~~~~
):
  
app/controllers/bands_controller.rb:13: syntax error, unexpected label, expecting '='
app/controllers/bands_controller.rb:39: syntax error, unexpected label, expecting '='
app/controllers/bands_controller.rb:13: syntax error, unexpected label, expecting '='
app/controllers/bands_controller.rb:39: syntax error, unexpected label, expecting '='
Started GET "/bands/new?name=Coldplay" for ::1 at 2023-10-03 08:01:43 -0400
  
SyntaxError (/home/akashpulluru/appacademy/AAClassWork3/W7D2/practice-for-ch-rails-music-app-long-practice-main/practice-for-ch-rails-music-app-long-practice-main/rails_music_app/app/controllers/bands_controller.rb:13: syntax error, unexpected label, expecting '='
...d.errors.full_messages, status: 422 
...                        ^~~~~~~
/home/akashpulluru/appacademy/AAClassWork3/W7D2/practice-for-ch-rails-music-app-long-practice-main/practice-for-ch-rails-music-app-long-practice-main/rails_music_app/app/controllers/bands_controller.rb:39: syntax error, unexpected label, expecting '='
...d.errors.full_messages, status: 422 
...                        ^~~~~~~
):
  
app/controllers/bands_controller.rb:13: syntax error, unexpected label, expecting '='
app/controllers/bands_controller.rb:39: syntax error, unexpected label, expecting '='
app/controllers/bands_controller.rb:13: syntax error, unexpected label, expecting '='
app/controllers/bands_controller.rb:39: syntax error, unexpected label, expecting '='
Started GET "/bands/new?name=Coldplay" for ::1 at 2023-10-03 08:02:01 -0400
  
SyntaxError (/home/akashpulluru/appacademy/AAClassWork3/W7D2/practice-for-ch-rails-music-app-long-practice-main/practice-for-ch-rails-music-app-long-practice-main/rails_music_app/app/controllers/bands_controller.rb:13: syntax error, unexpected label, expecting '='
...d.errors.full_messages, status: 422 
...                        ^~~~~~~
/home/akashpulluru/appacademy/AAClassWork3/W7D2/practice-for-ch-rails-music-app-long-practice-main/practice-for-ch-rails-music-app-long-practice-main/rails_music_app/app/controllers/bands_controller.rb:39: syntax error, unexpected label, expecting '='
...d.errors.full_messages, status: 422 
...                        ^~~~~~~
):
  
app/controllers/bands_controller.rb:13: syntax error, unexpected label, expecting '='
app/controllers/bands_controller.rb:39: syntax error, unexpected label, expecting '='
app/controllers/bands_controller.rb:13: syntax error, unexpected label, expecting '='
app/controllers/bands_controller.rb:39: syntax error, unexpected label, expecting '='
Started GET "/bands/new?name=Coldplay" for ::1 at 2023-10-03 08:02:43 -0400
  
SyntaxError (/home/akashpulluru/appacademy/AAClassWork3/W7D2/practice-for-ch-rails-music-app-long-practice-main/practice-for-ch-rails-music-app-long-practice-main/rails_music_app/app/controllers/bands_controller.rb:39: syntax error, unexpected label, expecting '='
...d.errors.full_messages, status: 422 
...                        ^~~~~~~
):
  
app/controllers/bands_controller.rb:39: syntax error, unexpected label, expecting '='
app/controllers/bands_controller.rb:39: syntax error, unexpected label, expecting '='
Started GET "/bands/new?name=Coldplay" for ::1 at 2023-10-03 08:03:07 -0400
  
SyntaxError (/home/akashpulluru/appacademy/AAClassWork3/W7D2/practice-for-ch-rails-music-app-long-practice-main/practice-for-ch-rails-music-app-long-practice-main/rails_music_app/app/controllers/application_controller.rb:27: syntax error, unexpected '=', expecting `end'
        :session_token = nil 
                       ^
):
  
app/controllers/application_controller.rb:27: syntax error, unexpected '=', expecting `end'
app/controllers/application_controller.rb:27: syntax error, unexpected '=', expecting `end'
app/controllers/bands_controller.rb:1:in `<top (required)>'
Started GET "/bands/new?name=Coldplay" for ::1 at 2023-10-03 08:03:50 -0400
Processing by BandsController#new as */*
  Parameters: {"name"=>"Coldplay"}
Completed 500 Internal Server Error in 9ms (ActiveRecord: 0.0ms | Allocations: 998)


  
ActionView::MissingTemplate (Missing template bands/new, application/new with {:locale=>[:en], :formats=>[:html, :text, :js, :css, :ics, :csv, :vcf, :vtt, :png, :jpeg, :gif, :bmp, :tiff, :svg, :mpeg, :mp3, :ogg, :m4a, :webm, :mp4, :otf, :ttf, :woff, :woff2, :xml, :rss, :atom, :yaml, :multipart_form, :url_encoded_form, :json, :pdf, :zip, :gzip], :variants=>[], :handlers=>[:raw, :erb, :html, :builder, :ruby]}.

Searched in:
  * "/home/akashpulluru/appacademy/AAClassWork3/W7D2/practice-for-ch-rails-music-app-long-practice-main/practice-for-ch-rails-music-app-long-practice-main/rails_music_app/app/views"

Did you mean?  sessions/new
               users/new
               layouts/application):
  
app/controllers/bands_controller.rb:4:in `new'
Started GET "/bands/new?name=Coldplay" for ::1 at 2023-10-03 08:04:30 -0400
Processing by BandsController#new as */*
  Parameters: {"name"=>"Coldplay"}
Completed 500 Internal Server Error in 1ms (ActiveRecord: 0.0ms | Allocations: 427)


  
ActionView::MissingTemplate (Missing template bands/new, application/new with {:locale=>[:en], :formats=>[:html, :text, :js, :css, :ics, :csv, :vcf, :vtt, :png, :jpeg, :gif, :bmp, :tiff, :svg, :mpeg, :mp3, :ogg, :m4a, :webm, :mp4, :otf, :ttf, :woff, :woff2, :xml, :rss, :atom, :yaml, :multipart_form, :url_encoded_form, :json, :pdf, :zip, :gzip], :variants=>[], :handlers=>[:raw, :erb, :html, :builder, :ruby]}.

Searched in:
  * "/home/akashpulluru/appacademy/AAClassWork3/W7D2/practice-for-ch-rails-music-app-long-practice-main/practice-for-ch-rails-music-app-long-practice-main/rails_music_app/app/views"

Did you mean?  sessions/new
               users/new
               layouts/application):
  
app/controllers/bands_controller.rb:4:in `new'
Started GET "/bands/new?name=Coldplay" for ::1 at 2023-10-03 08:06:42 -0400
Processing by BandsController#new as */*
  Parameters: {"name"=>"Coldplay"}
  Rendering layout layouts/application.html.erb
  Rendering bands/new.html.erb within layouts/application
  Rendered bands/new.html.erb within layouts/application (Duration: 2.9ms | Allocations: 632)
  Rendered layout layouts/application.html.erb (Duration: 3.3ms | Allocations: 720)
Completed 500 Internal Server Error in 8ms (ActiveRecord: 0.0ms | Allocations: 1583)


  
ActionView::Template::Error (No route matches {:action=>"show", :controller=>"bands"}, missing required keys: [:id]):
    1: <h1> Create </h1>
    2: 
    3: <form action="<% band_url %>" method="POST">
    4:     <label> Band Name
    5:         <input type="text" name="band[name]" value="<%= @band.name %>">
    6:     </label>
  
app/views/bands/new.html.erb:3
app/controllers/bands_controller.rb:4:in `new'
Started GET "/bands/new?name=Coldplay" for ::1 at 2023-10-03 08:08:02 -0400
Processing by BandsController#new as */*
  Parameters: {"name"=>"Coldplay"}
  Rendering layout layouts/application.html.erb
  Rendering bands/new.html.erb within layouts/application
  Rendered bands/new.html.erb within layouts/application (Duration: 4.8ms | Allocations: 1170)
  Rendered layout layouts/application.html.erb (Duration: 5.1ms | Allocations: 1258)
Completed 500 Internal Server Error in 8ms (ActiveRecord: 0.0ms | Allocations: 2112)


  
ActionView::Template::Error (undefined method `name' for nil:NilClass

        <input type="text" name="band[name]" value="'.freeze;@output_buffer.append=( @band.name );@output_buffer.safe_append='">
                                                                                          ^^^^^):
    2: 
    3: <form action="<% new_band_url %>" method="POST">
    4:     <label> Band Name
    5:         <input type="text" name="band[name]" value="<%= @band.name %>">
    6:     </label>
    7: 
    8: <input type="submit" value="Band Name">
  
app/views/bands/new.html.erb:5
app/controllers/bands_controller.rb:4:in `new'
Started GET "/bands/new?name=Coldplay" for ::1 at 2023-10-03 08:10:38 -0400
Processing by BandsController#new as */*
  Parameters: {"name"=>"Coldplay"}
  Rendering layout layouts/application.html.erb
  Rendering bands/new.html.erb within layouts/application
  Rendered bands/new.html.erb within layouts/application (Duration: 1.8ms | Allocations: 203)
  Rendered layout layouts/application.html.erb (Duration: 84.5ms | Allocations: 6586)
Completed 200 OK in 90ms (Views: 89.3ms | ActiveRecord: 0.0ms | Allocations: 7514)


Started GET "/bands/new?name=Coldplay" for ::1 at 2023-10-03 08:12:21 -0400
Processing by BandsController#new as */*
  Parameters: {"name"=>"Coldplay"}
  Rendering layout layouts/application.html.erb
  Rendering bands/new.html.erb within layouts/application
  Rendered bands/new.html.erb within layouts/application (Duration: 1.0ms | Allocations: 37)
  Rendered layout layouts/application.html.erb (Duration: 7.8ms | Allocations: 1202)
Completed 200 OK in 9ms (Views: 8.8ms | ActiveRecord: 0.0ms | Allocations: 1431)


Started GET "/bands/new?name=Coldplay" for ::1 at 2023-10-03 08:12:37 -0400
Processing by BandsController#new as */*
  Parameters: {"name"=>"Coldplay"}
  Rendering layout layouts/application.html.erb
  Rendering bands/new.html.erb within layouts/application
  Rendered bands/new.html.erb within layouts/application (Duration: 0.2ms | Allocations: 37)
  Rendered layout layouts/application.html.erb (Duration: 4.3ms | Allocations: 1133)
Completed 200 OK in 5ms (Views: 5.4ms | ActiveRecord: 0.0ms | Allocations: 1345)


Started GET "/bands/new?name=Coldplay" for ::1 at 2023-10-03 08:21:42 -0400
Processing by BandsController#new as */*
  Parameters: {"name"=>"Coldplay"}
  Rendering layout layouts/application.html.erb
  Rendering bands/new.html.erb within layouts/application
  Rendered bands/new.html.erb within layouts/application (Duration: 1.5ms | Allocations: 73)
  Rendered layout layouts/application.html.erb (Duration: 6.4ms | Allocations: 1450)
Completed 200 OK in 10ms (Views: 9.4ms | ActiveRecord: 0.0ms | Allocations: 2004)


Started GET "/bands/new?name=Coldplay" for ::1 at 2023-10-03 08:24:29 -0400
Processing by BandsController#new as */*
  Parameters: {"name"=>"Coldplay"}
  Rendering layout layouts/application.html.erb
  Rendering bands/new.html.erb within layouts/application
  Rendered bands/new.html.erb within layouts/application (Duration: 2.8ms | Allocations: 203)
  Rendered layout layouts/application.html.erb (Duration: 9.6ms | Allocations: 1722)
Completed 200 OK in 14ms (Views: 13.7ms | ActiveRecord: 0.0ms | Allocations: 2604)


Started GET "/bands/new?name=Coldplay" for ::1 at 2023-10-03 08:24:38 -0400
Processing by BandsController#new as */*
  Parameters: {"name"=>"Coldplay"}
  Rendering layout layouts/application.html.erb
  Rendering bands/new.html.erb within layouts/application
  Rendered bands/new.html.erb within layouts/application (Duration: 1.1ms | Allocations: 203)
  Rendered layout layouts/application.html.erb (Duration: 6.8ms | Allocations: 1723)
Completed 200 OK in 10ms (Views: 9.6ms | ActiveRecord: 0.0ms | Allocations: 2606)


Started GET "/bands?name=Coldplay" for ::1 at 2023-10-03 08:26:28 -0400
Processing by BandsController#index as */*
  Parameters: {"name"=>"Coldplay"}
Completed 500 Internal Server Error in 7ms (ActiveRecord: 0.0ms | Allocations: 1423)


  
ActionView::MissingTemplate (Missing template bands/index, application/index with {:locale=>[:en], :formats=>[:html, :text, :js, :css, :ics, :csv, :vcf, :vtt, :png, :jpeg, :gif, :bmp, :tiff, :svg, :mpeg, :mp3, :ogg, :m4a, :webm, :mp4, :otf, :ttf, :woff, :woff2, :xml, :rss, :atom, :yaml, :multipart_form, :url_encoded_form, :json, :pdf, :zip, :gzip], :variants=>[], :handlers=>[:raw, :erb, :html, :builder, :ruby]}.

Searched in:
  * "/home/akashpulluru/appacademy/AAClassWork3/W7D2/practice-for-ch-rails-music-app-long-practice-main/practice-for-ch-rails-music-app-long-practice-main/rails_music_app/app/views"

Did you mean?  bands/new
               sessions/new
               layouts/application
               users/new):
  
app/controllers/bands_controller.rb:20:in `index'
Started GET "/bands/new?name=Coldplay" for ::1 at 2023-10-03 08:26:40 -0400
Processing by BandsController#new as */*
  Parameters: {"name"=>"Coldplay"}
  Rendering layout layouts/application.html.erb
  Rendering bands/new.html.erb within layouts/application
  Rendered bands/new.html.erb within layouts/application (Duration: 0.7ms | Allocations: 51)
  Rendered layout layouts/application.html.erb (Duration: 4.1ms | Allocations: 1283)
Completed 200 OK in 5ms (Views: 5.1ms | ActiveRecord: 0.0ms | Allocations: 1510)


Started GET "/bands/new?name=Coldplay" for ::1 at 2023-10-03 08:27:20 -0400
Processing by BandsController#new as */*
  Parameters: {"name"=>"Coldplay"}
  Rendering layout layouts/application.html.erb
  Rendering bands/new.html.erb within layouts/application
  Rendered bands/new.html.erb within layouts/application (Duration: 1.9ms | Allocations: 496)
  Rendered layout layouts/application.html.erb (Duration: 2.1ms | Allocations: 584)
Completed 500 Internal Server Error in 5ms (ActiveRecord: 0.0ms | Allocations: 1418)


  
ActionView::Template::Error (No route matches {:action=>"show", :controller=>"bands"}, missing required keys: [:id]):
    1: <h1> Create </h1>
    2: 
    3: <form action="<%= band_url %>" method="POST">
    4:     <label> Band Name
    5:         <input type="text" name="band[name]">
    6:     </label>
  
app/views/bands/new.html.erb:3
app/controllers/bands_controller.rb:4:in `new'
Started GET "/bands/new?name=Coldplay" for ::1 at 2023-10-03 08:27:37 -0400
Processing by BandsController#new as */*
  Parameters: {"name"=>"Coldplay"}
  Rendering layout layouts/application.html.erb
  Rendering bands/new.html.erb within layouts/application
  Rendered bands/new.html.erb within layouts/application (Duration: 1.4ms | Allocations: 203)
  Rendered layout layouts/application.html.erb (Duration: 6.3ms | Allocations: 1719)
Completed 200 OK in 9ms (Views: 8.9ms | ActiveRecord: 0.0ms | Allocations: 2603)


Started GET "/bands" for ::1 at 2023-10-03 08:29:36 -0400
Processing by BandsController#index as */*
Completed 500 Internal Server Error in 3ms (ActiveRecord: 0.0ms | Allocations: 854)


  
ActionView::MissingTemplate (Missing template bands/index, application/index with {:locale=>[:en], :formats=>[:html, :text, :js, :css, :ics, :csv, :vcf, :vtt, :png, :jpeg, :gif, :bmp, :tiff, :svg, :mpeg, :mp3, :ogg, :m4a, :webm, :mp4, :otf, :ttf, :woff, :woff2, :xml, :rss, :atom, :yaml, :multipart_form, :url_encoded_form, :json, :pdf, :zip, :gzip], :variants=>[], :handlers=>[:raw, :erb, :html, :builder, :ruby]}.

Searched in:
  * "/home/akashpulluru/appacademy/AAClassWork3/W7D2/practice-for-ch-rails-music-app-long-practice-main/practice-for-ch-rails-music-app-long-practice-main/rails_music_app/app/views"

Did you mean?  bands/new
               sessions/new
               layouts/application
               users/new):
  
app/controllers/bands_controller.rb:20:in `index'
Started GET "/bands" for ::1 at 2023-10-03 08:41:51 -0400
  [1m[36mActiveRecord::SchemaMigration Pluck (2.0ms)[0m  [1m[34mSELECT "schema_migrations"."version" FROM "schema_migrations" ORDER BY "schema_migrations"."version" ASC[0m
  [1m[36mCACHE ActiveRecord::SchemaMigration Pluck (0.0ms)[0m  [1m[34mSELECT "schema_migrations"."version" FROM "schema_migrations" ORDER BY "schema_migrations"."version" ASC[0m
  
ActiveRecord::PendingMigrationError (

Migrations are pending. To resolve this issue, run:

        bin/rails db:migrate RAILS_ENV=development

You have 1 pending migration:

20231003123534_create_album.rb


):
  
activerecord (7.0.8) lib/active_record/migration.rb:662:in `check_pending!'
activerecord (7.0.8) lib/active_record/migration.rb:627:in `block (2 levels) in call'
activesupport (7.0.8) lib/active_support/file_update_checker.rb:83:in `execute'
activesupport (7.0.8) lib/active_support/file_update_checker.rb:93:in `execute_if_updated'
activerecord (7.0.8) lib/active_record/migration.rb:634:in `block in call'
activerecord (7.0.8) lib/active_record/migration.rb:624:in `synchronize'
activerecord (7.0.8) lib/active_record/migration.rb:624:in `call'
actionpack (7.0.8) lib/action_dispatch/middleware/callbacks.rb:27:in `block in call'
activesupport (7.0.8) lib/active_support/callbacks.rb:99:in `run_callbacks'
actionpack (7.0.8) lib/action_dispatch/middleware/callbacks.rb:26:in `call'
actionpack (7.0.8) lib/action_dispatch/middleware/executor.rb:14:in `call'
actionpack (7.0.8) lib/action_dispatch/middleware/actionable_exceptions.rb:17:in `call'
actionpack (7.0.8) lib/action_dispatch/middleware/debug_exceptions.rb:28:in `call'
actionpack (7.0.8) lib/action_dispatch/middleware/show_exceptions.rb:29:in `call'
railties (7.0.8) lib/rails/rack/logger.rb:40:in `call_app'
railties (7.0.8) lib/rails/rack/logger.rb:25:in `block in call'
activesupport (7.0.8) lib/active_support/tagged_logging.rb:99:in `block in tagged'
activesupport (7.0.8) lib/active_support/tagged_logging.rb:37:in `tagged'
activesupport (7.0.8) lib/active_support/tagged_logging.rb:99:in `tagged'
railties (7.0.8) lib/rails/rack/logger.rb:25:in `call'
sprockets-rails (3.4.2) lib/sprockets/rails/quiet_assets.rb:13:in `call'
actionpack (7.0.8) lib/action_dispatch/middleware/remote_ip.rb:93:in `call'
actionpack (7.0.8) lib/action_dispatch/middleware/request_id.rb:26:in `call'
rack (2.2.8) lib/rack/method_override.rb:24:in `call'
rack (2.2.8) lib/rack/runtime.rb:22:in `call'
activesupport (7.0.8) lib/active_support/cache/strategy/local_cache_middleware.rb:29:in `call'
actionpack (7.0.8) lib/action_dispatch/middleware/server_timing.rb:61:in `block in call'
actionpack (7.0.8) lib/action_dispatch/middleware/server_timing.rb:26:in `collect_events'
actionpack (7.0.8) lib/action_dispatch/middleware/server_timing.rb:60:in `call'
actionpack (7.0.8) lib/action_dispatch/middleware/executor.rb:14:in `call'
actionpack (7.0.8) lib/action_dispatch/middleware/static.rb:23:in `call'
rack (2.2.8) lib/rack/sendfile.rb:110:in `call'
actionpack (7.0.8) lib/action_dispatch/middleware/host_authorization.rb:138:in `call'
railties (7.0.8) lib/rails/engine.rb:530:in `call'
puma (5.6.7) lib/puma/configuration.rb:252:in `call'
puma (5.6.7) lib/puma/request.rb:77:in `block in handle_request'
puma (5.6.7) lib/puma/thread_pool.rb:340:in `with_force_shutdown'
puma (5.6.7) lib/puma/request.rb:76:in `handle_request'
puma (5.6.7) lib/puma/server.rb:443:in `process_client'
puma (5.6.7) lib/puma/thread_pool.rb:147:in `block in spawn_thread'
Started GET "/bands" for ::1 at 2023-10-03 08:42:40 -0400
  [1m[36mActiveRecord::SchemaMigration Pluck (0.5ms)[0m  [1m[34mSELECT "schema_migrations"."version" FROM "schema_migrations" ORDER BY "schema_migrations"."version" ASC[0m
Processing by BandsController#index as */*
Completed 500 Internal Server Error in 2ms (ActiveRecord: 0.0ms | Allocations: 201)


  
SyntaxError (/home/akashpulluru/appacademy/AAClassWork3/W7D2/practice-for-ch-rails-music-app-long-practice-main/practice-for-ch-rails-music-app-long-practice-main/rails_music_app/app/models/band.rb:11: syntax error, unexpected string literal, expecting `do' or '{' or '('
    class_name 'Album',
               ^
/home/akashpulluru/appacademy/AAClassWork3/W7D2/practice-for-ch-rails-music-app-long-practice-main/practice-for-ch-rails-music-app-long-practice-main/rails_music_app/app/models/band.rb:11: syntax error, unexpected ',', expecting `end'
    class_name 'Album',
                      ^
/home/akashpulluru/appacademy/AAClassWork3/W7D2/practice-for-ch-rails-music-app-long-practice-main/practice-for-ch-rails-music-app-long-practice-main/rails_music_app/app/models/band.rb:13: syntax error, unexpected ':', expecting `end'
    dependent: :destroy
             ^
):
  
app/models/band.rb:11: syntax error, unexpected string literal, expecting `do' or '{' or '('
app/models/band.rb:11: syntax error, unexpected ',', expecting `end'
app/models/band.rb:13: syntax error, unexpected ':', expecting `end'
app/models/band.rb:11: syntax error, unexpected string literal, expecting `do' or '{' or '('
app/models/band.rb:11: syntax error, unexpected ',', expecting `end'
app/models/band.rb:13: syntax error, unexpected ':', expecting `end'
app/controllers/bands_controller.rb:19:in `index'
Started GET "/bands" for ::1 at 2023-10-03 08:43:11 -0400
Processing by BandsController#index as */*
Completed 500 Internal Server Error in 1ms (ActiveRecord: 0.0ms | Allocations: 197)


  
SyntaxError (/home/akashpulluru/appacademy/AAClassWork3/W7D2/practice-for-ch-rails-music-app-long-practice-main/practice-for-ch-rails-music-app-long-practice-main/rails_music_app/app/models/band.rb:11: syntax error, unexpected string literal, expecting `do' or '{' or '('
    class_name 'Album',
               ^
/home/akashpulluru/appacademy/AAClassWork3/W7D2/practice-for-ch-rails-music-app-long-practice-main/practice-for-ch-rails-music-app-long-practice-main/rails_music_app/app/models/band.rb:11: syntax error, unexpected ',', expecting `end'
    class_name 'Album',
                      ^
):
  
app/models/band.rb:11: syntax error, unexpected string literal, expecting `do' or '{' or '('
app/models/band.rb:11: syntax error, unexpected ',', expecting `end'
app/models/band.rb:11: syntax error, unexpected string literal, expecting `do' or '{' or '('
app/models/band.rb:11: syntax error, unexpected ',', expecting `end'
app/controllers/bands_controller.rb:19:in `index'
Started GET "/bands" for ::1 at 2023-10-03 08:43:32 -0400
Processing by BandsController#index as */*
  Rendering layout layouts/application.html.erb
  Rendering bands/index.html.erb within layouts/application
  [1m[36mBand Load (4.8ms)[0m  [1m[34mSELECT "bands".* FROM "bands"[0m
  ↳ app/views/bands/index.html.erb:2
  Rendered bands/index.html.erb within layouts/application (Duration: 10.9ms | Allocations: 992)
  Rendered layout layouts/application.html.erb (Duration: 17.7ms | Allocations: 2534)
Completed 200 OK in 25ms (Views: 16.8ms | ActiveRecord: 4.8ms | Allocations: 4186)


Started GET "/bands/new" for ::1 at 2023-10-03 08:43:59 -0400
Processing by BandsController#new as */*
  Rendering layout layouts/application.html.erb
  Rendering bands/new.html.erb within layouts/application
  Rendered bands/new.html.erb within layouts/application (Duration: 3.0ms | Allocations: 172)
  Rendered layout layouts/application.html.erb (Duration: 7.6ms | Allocations: 1283)
Completed 200 OK in 10ms (Views: 9.4ms | ActiveRecord: 0.0ms | Allocations: 1564)


Started GET "/bands" for ::1 at 2023-10-03 08:44:10 -0400
Processing by BandsController#index as */*
  Rendering layout layouts/application.html.erb
  Rendering bands/index.html.erb within layouts/application
  [1m[36mBand Load (0.8ms)[0m  [1m[34mSELECT "bands".* FROM "bands"[0m
  ↳ app/views/bands/index.html.erb:2
  Rendered bands/index.html.erb within layouts/application (Duration: 3.9ms | Allocations: 550)
  Rendered layout layouts/application.html.erb (Duration: 8.0ms | Allocations: 1676)
Completed 200 OK in 10ms (Views: 8.4ms | ActiveRecord: 0.8ms | Allocations: 1908)


Started POST "/bands?name=coldplay" for ::1 at 2023-10-03 08:45:05 -0400
Processing by BandsController#create as */*
  Parameters: {"name"=>"coldplay"}
Can't verify CSRF token authenticity.
Completed 422 Unprocessable Entity in 1ms (ActiveRecord: 0.0ms | Allocations: 184)


  
ActionController::InvalidAuthenticityToken (Can't verify CSRF token authenticity.):
  
actionpack (7.0.8) lib/action_controller/metal/request_forgery_protection.rb:253:in `handle_unverified_request'
actionpack (7.0.8) lib/action_controller/metal/request_forgery_protection.rb:286:in `handle_unverified_request'
actionpack (7.0.8) lib/action_controller/metal/request_forgery_protection.rb:275:in `verify_authenticity_token'
activesupport (7.0.8) lib/active_support/callbacks.rb:400:in `block in make_lambda'
activesupport (7.0.8) lib/active_support/callbacks.rb:199:in `block (2 levels) in halting'
actionpack (7.0.8) lib/abstract_controller/callbacks.rb:34:in `block (2 levels) in <module:Callbacks>'
activesupport (7.0.8) lib/active_support/callbacks.rb:200:in `block in halting'
activesupport (7.0.8) lib/active_support/callbacks.rb:595:in `block in invoke_before'
activesupport (7.0.8) lib/active_support/callbacks.rb:595:in `each'
activesupport (7.0.8) lib/active_support/callbacks.rb:595:in `invoke_before'
activesupport (7.0.8) lib/active_support/callbacks.rb:106:in `run_callbacks'
actionpack (7.0.8) lib/abstract_controller/callbacks.rb:233:in `process_action'
actionpack (7.0.8) lib/action_controller/metal/rescue.rb:23:in `process_action'
actionpack (7.0.8) lib/action_controller/metal/instrumentation.rb:67:in `block in process_action'
activesupport (7.0.8) lib/active_support/notifications.rb:206:in `block in instrument'
activesupport (7.0.8) lib/active_support/notifications/instrumenter.rb:24:in `instrument'
activesupport (7.0.8) lib/active_support/notifications.rb:206:in `instrument'
actionpack (7.0.8) lib/action_controller/metal/instrumentation.rb:66:in `process_action'
actionpack (7.0.8) lib/action_controller/metal/params_wrapper.rb:259:in `process_action'
activerecord (7.0.8) lib/active_record/railties/controller_runtime.rb:27:in `process_action'
actionpack (7.0.8) lib/abstract_controller/base.rb:151:in `process'
actionview (7.0.8) lib/action_view/rendering.rb:39:in `process'
actionpack (7.0.8) lib/action_controller/metal.rb:188:in `dispatch'
actionpack (7.0.8) lib/action_controller/metal.rb:251:in `dispatch'
actionpack (7.0.8) lib/action_dispatch/routing/route_set.rb:49:in `dispatch'
actionpack (7.0.8) lib/action_dispatch/routing/route_set.rb:32:in `serve'
actionpack (7.0.8) lib/action_dispatch/journey/router.rb:50:in `block in serve'
actionpack (7.0.8) lib/action_dispatch/journey/router.rb:32:in `each'
actionpack (7.0.8) lib/action_dispatch/journey/router.rb:32:in `serve'
actionpack (7.0.8) lib/action_dispatch/routing/route_set.rb:852:in `call'
rack (2.2.8) lib/rack/tempfile_reaper.rb:15:in `call'
rack (2.2.8) lib/rack/etag.rb:27:in `call'
rack (2.2.8) lib/rack/conditional_get.rb:40:in `call'
rack (2.2.8) lib/rack/head.rb:12:in `call'
actionpack (7.0.8) lib/action_dispatch/http/permissions_policy.rb:38:in `call'
actionpack (7.0.8) lib/action_dispatch/http/content_security_policy.rb:36:in `call'
rack (2.2.8) lib/rack/session/abstract/id.rb:266:in `context'
rack (2.2.8) lib/rack/session/abstract/id.rb:260:in `call'
actionpack (7.0.8) lib/action_dispatch/middleware/cookies.rb:704:in `call'
activerecord (7.0.8) lib/active_record/migration.rb:638:in `call'
actionpack (7.0.8) lib/action_dispatch/middleware/callbacks.rb:27:in `block in call'
activesupport (7.0.8) lib/active_support/callbacks.rb:99:in `run_callbacks'
actionpack (7.0.8) lib/action_dispatch/middleware/callbacks.rb:26:in `call'
actionpack (7.0.8) lib/action_dispatch/middleware/executor.rb:14:in `call'
actionpack (7.0.8) lib/action_dispatch/middleware/actionable_exceptions.rb:17:in `call'
actionpack (7.0.8) lib/action_dispatch/middleware/debug_exceptions.rb:28:in `call'
actionpack (7.0.8) lib/action_dispatch/middleware/show_exceptions.rb:29:in `call'
railties (7.0.8) lib/rails/rack/logger.rb:40:in `call_app'
railties (7.0.8) lib/rails/rack/logger.rb:25:in `block in call'
activesupport (7.0.8) lib/active_support/tagged_logging.rb:99:in `block in tagged'
activesupport (7.0.8) lib/active_support/tagged_logging.rb:37:in `tagged'
activesupport (7.0.8) lib/active_support/tagged_logging.rb:99:in `tagged'
railties (7.0.8) lib/rails/rack/logger.rb:25:in `call'
sprockets-rails (3.4.2) lib/sprockets/rails/quiet_assets.rb:13:in `call'
actionpack (7.0.8) lib/action_dispatch/middleware/remote_ip.rb:93:in `call'
actionpack (7.0.8) lib/action_dispatch/middleware/request_id.rb:26:in `call'
rack (2.2.8) lib/rack/method_override.rb:24:in `call'
rack (2.2.8) lib/rack/runtime.rb:22:in `call'
activesupport (7.0.8) lib/active_support/cache/strategy/local_cache_middleware.rb:29:in `call'
actionpack (7.0.8) lib/action_dispatch/middleware/server_timing.rb:61:in `block in call'
actionpack (7.0.8) lib/action_dispatch/middleware/server_timing.rb:26:in `collect_events'
actionpack (7.0.8) lib/action_dispatch/middleware/server_timing.rb:60:in `call'
actionpack (7.0.8) lib/action_dispatch/middleware/executor.rb:14:in `call'
actionpack (7.0.8) lib/action_dispatch/middleware/static.rb:23:in `call'
rack (2.2.8) lib/rack/sendfile.rb:110:in `call'
actionpack (7.0.8) lib/action_dispatch/middleware/host_authorization.rb:138:in `call'
railties (7.0.8) lib/rails/engine.rb:530:in `call'
puma (5.6.7) lib/puma/configuration.rb:252:in `call'
puma (5.6.7) lib/puma/request.rb:77:in `block in handle_request'
puma (5.6.7) lib/puma/thread_pool.rb:340:in `with_force_shutdown'
puma (5.6.7) lib/puma/request.rb:76:in `handle_request'
puma (5.6.7) lib/puma/server.rb:443:in `process_client'
puma (5.6.7) lib/puma/thread_pool.rb:147:in `block in spawn_thread'
Started POST "/bands?name=coldplay" for ::1 at 2023-10-03 09:00:19 -0400
Processing by BandsController#create as */*
  Parameters: {"name"=>"coldplay"}
Can't verify CSRF token authenticity.
Completed 422 Unprocessable Entity in 1ms (ActiveRecord: 0.0ms | Allocations: 122)


  
ActionController::InvalidAuthenticityToken (Can't verify CSRF token authenticity.):
  
actionpack (7.0.8) lib/action_controller/metal/request_forgery_protection.rb:253:in `handle_unverified_request'
actionpack (7.0.8) lib/action_controller/metal/request_forgery_protection.rb:286:in `handle_unverified_request'
actionpack (7.0.8) lib/action_controller/metal/request_forgery_protection.rb:275:in `verify_authenticity_token'
activesupport (7.0.8) lib/active_support/callbacks.rb:400:in `block in make_lambda'
activesupport (7.0.8) lib/active_support/callbacks.rb:199:in `block (2 levels) in halting'
actionpack (7.0.8) lib/abstract_controller/callbacks.rb:34:in `block (2 levels) in <module:Callbacks>'
activesupport (7.0.8) lib/active_support/callbacks.rb:200:in `block in halting'
activesupport (7.0.8) lib/active_support/callbacks.rb:595:in `block in invoke_before'
activesupport (7.0.8) lib/active_support/callbacks.rb:595:in `each'
activesupport (7.0.8) lib/active_support/callbacks.rb:595:in `invoke_before'
activesupport (7.0.8) lib/active_support/callbacks.rb:106:in `run_callbacks'
actionpack (7.0.8) lib/abstract_controller/callbacks.rb:233:in `process_action'
actionpack (7.0.8) lib/action_controller/metal/rescue.rb:23:in `process_action'
actionpack (7.0.8) lib/action_controller/metal/instrumentation.rb:67:in `block in process_action'
activesupport (7.0.8) lib/active_support/notifications.rb:206:in `block in instrument'
activesupport (7.0.8) lib/active_support/notifications/instrumenter.rb:24:in `instrument'
activesupport (7.0.8) lib/active_support/notifications.rb:206:in `instrument'
actionpack (7.0.8) lib/action_controller/metal/instrumentation.rb:66:in `process_action'
actionpack (7.0.8) lib/action_controller/metal/params_wrapper.rb:259:in `process_action'
activerecord (7.0.8) lib/active_record/railties/controller_runtime.rb:27:in `process_action'
actionpack (7.0.8) lib/abstract_controller/base.rb:151:in `process'
actionview (7.0.8) lib/action_view/rendering.rb:39:in `process'
actionpack (7.0.8) lib/action_controller/metal.rb:188:in `dispatch'
actionpack (7.0.8) lib/action_controller/metal.rb:251:in `dispatch'
actionpack (7.0.8) lib/action_dispatch/routing/route_set.rb:49:in `dispatch'
actionpack (7.0.8) lib/action_dispatch/routing/route_set.rb:32:in `serve'
actionpack (7.0.8) lib/action_dispatch/journey/router.rb:50:in `block in serve'
actionpack (7.0.8) lib/action_dispatch/journey/router.rb:32:in `each'
actionpack (7.0.8) lib/action_dispatch/journey/router.rb:32:in `serve'
actionpack (7.0.8) lib/action_dispatch/routing/route_set.rb:852:in `call'
rack (2.2.8) lib/rack/tempfile_reaper.rb:15:in `call'
rack (2.2.8) lib/rack/etag.rb:27:in `call'
rack (2.2.8) lib/rack/conditional_get.rb:40:in `call'
rack (2.2.8) lib/rack/head.rb:12:in `call'
actionpack (7.0.8) lib/action_dispatch/http/permissions_policy.rb:38:in `call'
actionpack (7.0.8) lib/action_dispatch/http/content_security_policy.rb:36:in `call'
rack (2.2.8) lib/rack/session/abstract/id.rb:266:in `context'
rack (2.2.8) lib/rack/session/abstract/id.rb:260:in `call'
actionpack (7.0.8) lib/action_dispatch/middleware/cookies.rb:704:in `call'
activerecord (7.0.8) lib/active_record/migration.rb:638:in `call'
actionpack (7.0.8) lib/action_dispatch/middleware/callbacks.rb:27:in `block in call'
activesupport (7.0.8) lib/active_support/callbacks.rb:99:in `run_callbacks'
actionpack (7.0.8) lib/action_dispatch/middleware/callbacks.rb:26:in `call'
actionpack (7.0.8) lib/action_dispatch/middleware/executor.rb:14:in `call'
actionpack (7.0.8) lib/action_dispatch/middleware/actionable_exceptions.rb:17:in `call'
actionpack (7.0.8) lib/action_dispatch/middleware/debug_exceptions.rb:28:in `call'
actionpack (7.0.8) lib/action_dispatch/middleware/show_exceptions.rb:29:in `call'
railties (7.0.8) lib/rails/rack/logger.rb:40:in `call_app'
railties (7.0.8) lib/rails/rack/logger.rb:25:in `block in call'
activesupport (7.0.8) lib/active_support/tagged_logging.rb:99:in `block in tagged'
activesupport (7.0.8) lib/active_support/tagged_logging.rb:37:in `tagged'
activesupport (7.0.8) lib/active_support/tagged_logging.rb:99:in `tagged'
railties (7.0.8) lib/rails/rack/logger.rb:25:in `call'
sprockets-rails (3.4.2) lib/sprockets/rails/quiet_assets.rb:13:in `call'
actionpack (7.0.8) lib/action_dispatch/middleware/remote_ip.rb:93:in `call'
actionpack (7.0.8) lib/action_dispatch/middleware/request_id.rb:26:in `call'
rack (2.2.8) lib/rack/method_override.rb:24:in `call'
rack (2.2.8) lib/rack/runtime.rb:22:in `call'
activesupport (7.0.8) lib/active_support/cache/strategy/local_cache_middleware.rb:29:in `call'
actionpack (7.0.8) lib/action_dispatch/middleware/server_timing.rb:61:in `block in call'
actionpack (7.0.8) lib/action_dispatch/middleware/server_timing.rb:26:in `collect_events'
actionpack (7.0.8) lib/action_dispatch/middleware/server_timing.rb:60:in `call'
actionpack (7.0.8) lib/action_dispatch/middleware/executor.rb:14:in `call'
actionpack (7.0.8) lib/action_dispatch/middleware/static.rb:23:in `call'
rack (2.2.8) lib/rack/sendfile.rb:110:in `call'
actionpack (7.0.8) lib/action_dispatch/middleware/host_authorization.rb:138:in `call'
railties (7.0.8) lib/rails/engine.rb:530:in `call'
puma (5.6.7) lib/puma/configuration.rb:252:in `call'
puma (5.6.7) lib/puma/request.rb:77:in `block in handle_request'
puma (5.6.7) lib/puma/thread_pool.rb:340:in `with_force_shutdown'
puma (5.6.7) lib/puma/request.rb:76:in `handle_request'
puma (5.6.7) lib/puma/server.rb:443:in `process_client'
puma (5.6.7) lib/puma/thread_pool.rb:147:in `block in spawn_thread'
Started POST "/bands?name=coldplay" for ::1 at 2023-10-03 09:06:33 -0400
Processing by BandsController#create as */*
  Parameters: {"name"=>"coldplay"}
Completed 400 Bad Request in 7ms (ActiveRecord: 0.0ms | Allocations: 829)


  
ActionController::ParameterMissing (param is missing or the value is empty: band):
  
app/controllers/bands_controller.rb:58:in `band_params'
app/controllers/bands_controller.rb:9:in `create'
Started POST "/band?name=coldplay" for ::1 at 2023-10-03 09:06:44 -0400
  
ActionController::RoutingError (No route matches [POST] "/band"):
  
Started POST "/bands?name=coldplay" for ::1 at 2023-10-03 09:06:51 -0400
Processing by BandsController#create as */*
  Parameters: {"name"=>"coldplay"}
Completed 400 Bad Request in 1ms (ActiveRecord: 0.0ms | Allocations: 150)


  
ActionController::ParameterMissing (param is missing or the value is empty: band):
  
app/controllers/bands_controller.rb:58:in `band_params'
app/controllers/bands_controller.rb:9:in `create'
Started POST "/bands/new" for ::1 at 2023-10-03 09:07:03 -0400
  
ActionController::RoutingError (No route matches [POST] "/bands/new"):
  
Started GET "/bands/new" for ::1 at 2023-10-03 09:07:11 -0400
Processing by BandsController#new as */*
  Rendering layout layouts/application.html.erb
  Rendering bands/new.html.erb within layouts/application
  Rendered bands/new.html.erb within layouts/application (Duration: 0.7ms | Allocations: 75)
  Rendered layout layouts/application.html.erb (Duration: 5.9ms | Allocations: 1459)
Completed 200 OK in 14ms (Views: 13.3ms | ActiveRecord: 0.0ms | Allocations: 1976)


Started GET "/bands/new" for ::1 at 2023-10-03 09:07:20 -0400
Processing by BandsController#new as */*
  Rendering layout layouts/application.html.erb
  Rendering bands/new.html.erb within layouts/application
  Rendered bands/new.html.erb within layouts/application (Duration: 0.3ms | Allocations: 39)
  Rendered layout layouts/application.html.erb (Duration: 4.4ms | Allocations: 1159)
Completed 200 OK in 5ms (Views: 5.2ms | ActiveRecord: 0.0ms | Allocations: 1372)


Started GET "/bands" for ::1 at 2023-10-03 09:07:27 -0400
Processing by BandsController#index as */*
  Rendering layout layouts/application.html.erb
  Rendering bands/index.html.erb within layouts/application
  [1m[36mBand Load (2.5ms)[0m  [1m[34mSELECT "bands".* FROM "bands"[0m
  ↳ app/views/bands/index.html.erb:2
  Rendered bands/index.html.erb within layouts/application (Duration: 44.9ms | Allocations: 3625)
  Rendered layout layouts/application.html.erb (Duration: 55.5ms | Allocations: 4736)
Completed 200 OK in 59ms (Views: 37.0ms | ActiveRecord: 20.4ms | Allocations: 5123)


Started GET "/bands/ne" for ::1 at 2023-10-03 09:10:02 -0400
Processing by BandsController#show as */*
  Parameters: {"id"=>"ne"}
  [1m[36mBand Load (1.1ms)[0m  [1m[34mSELECT "bands".* FROM "bands" WHERE "bands"."id" = $1 LIMIT $2[0m  [["id", nil], ["LIMIT", 1]]
  ↳ app/controllers/bands_controller.rb:30:in `show'
Completed 404 Not Found in 53ms (ActiveRecord: 28.1ms | Allocations: 2215)


  
ActiveRecord::RecordNotFound (Couldn't find Band with 'id'=ne):
  
app/controllers/bands_controller.rb:30:in `show'
Started GET "/bands/new" for ::1 at 2023-10-03 09:10:04 -0400
Processing by BandsController#new as */*
  Rendering layout layouts/application.html.erb
  Rendering bands/new.html.erb within layouts/application
  Rendered bands/new.html.erb within layouts/application (Duration: 1.1ms | Allocations: 205)
  Rendered layout layouts/application.html.erb (Duration: 5.9ms | Allocations: 1740)
Completed 200 OK in 9ms (Views: 8.4ms | ActiveRecord: 0.0ms | Allocations: 2492)


Started GET "/bands" for ::1 at 2023-10-03 09:11:00 -0400
Processing by BandsController#index as */*
  Rendering layout layouts/application.html.erb
  Rendering bands/index.html.erb within layouts/application
  [1m[36mBand Load (1.0ms)[0m  [1m[34mSELECT "bands".* FROM "bands"[0m
  ↳ app/views/bands/index.html.erb:2
  Rendered bands/index.html.erb within layouts/application (Duration: 5.3ms | Allocations: 823)
  Rendered layout layouts/application.html.erb (Duration: 13.7ms | Allocations: 2333)
Completed 200 OK in 17ms (Views: 15.6ms | ActiveRecord: 1.0ms | Allocations: 3213)


Started GET "/bands/new" for ::1 at 2023-10-03 09:11:13 -0400
Processing by BandsController#new as */*
  Rendering layout layouts/application.html.erb
  Rendering bands/new.html.erb within layouts/application
  Rendered bands/new.html.erb within layouts/application (Duration: 1.7ms | Allocations: 167)
  Rendered layout layouts/application.html.erb (Duration: 6.1ms | Allocations: 1284)
Completed 200 OK in 8ms (Views: 7.6ms | ActiveRecord: 0.0ms | Allocations: 1551)


Started GET "/bands/new" for ::1 at 2023-10-03 09:11:38 -0400
Processing by BandsController#new as */*
  Rendering layout layouts/application.html.erb
  Rendering bands/new.html.erb within layouts/application
  Rendered bands/new.html.erb within layouts/application (Duration: 1.2ms | Allocations: 204)
  Rendered layout layouts/application.html.erb (Duration: 7.8ms | Allocations: 1730)
Completed 200 OK in 11ms (Views: 11.0ms | ActiveRecord: 0.0ms | Allocations: 2582)


Started GET "/bands/new" for ::1 at 2023-10-03 09:12:00 -0400
Processing by BandsController#new as */*
  Rendering layout layouts/application.html.erb
  Rendering bands/new.html.erb within layouts/application
  Rendered bands/new.html.erb within layouts/application (Duration: 3.5ms | Allocations: 205)
  Rendered layout layouts/application.html.erb (Duration: 8.0ms | Allocations: 1737)
Completed 200 OK in 11ms (Views: 11.1ms | ActiveRecord: 0.0ms | Allocations: 2605)


Started GET "/bands/new" for ::1 at 2023-10-03 09:12:56 -0400
Processing by BandsController#new as */*
  Rendering layout layouts/application.html.erb
  Rendering bands/new.html.erb within layouts/application
  Rendered bands/new.html.erb within layouts/application (Duration: 1.4ms | Allocations: 207)
  Rendered layout layouts/application.html.erb (Duration: 6.8ms | Allocations: 1745)
Completed 200 OK in 11ms (Views: 10.6ms | ActiveRecord: 0.0ms | Allocations: 2613)


Started GET "/bands/new" for ::1 at 2023-10-03 09:13:17 -0400
Processing by BandsController#new as */*
  Rendering layout layouts/application.html.erb
  Rendering bands/new.html.erb within layouts/application
  Rendered bands/new.html.erb within layouts/application (Duration: 1.8ms | Allocations: 207)
  Rendered layout layouts/application.html.erb (Duration: 7.8ms | Allocations: 1736)
Completed 200 OK in 12ms (Views: 11.9ms | ActiveRecord: 0.0ms | Allocations: 2605)


Started GET "/bands" for ::1 at 2023-10-03 09:13:24 -0400
Processing by BandsController#index as */*
  Rendering layout layouts/application.html.erb
  Rendering bands/index.html.erb within layouts/application
  [1m[36mBand Load (0.6ms)[0m  [1m[34mSELECT "bands".* FROM "bands"[0m
  ↳ app/views/bands/index.html.erb:2
  Rendered bands/index.html.erb within layouts/application (Duration: 4.2ms | Allocations: 770)
  Rendered layout layouts/application.html.erb (Duration: 8.1ms | Allocations: 1878)
Completed 200 OK in 10ms (Views: 8.8ms | ActiveRecord: 0.6ms | Allocations: 2161)


Started GET "/bands/new" for ::1 at 2023-10-03 09:15:09 -0400
Processing by BandsController#new as */*
  Rendering layout layouts/application.html.erb
  Rendering bands/new.html.erb within layouts/application
  Rendered bands/new.html.erb within layouts/application (Duration: 0.9ms | Allocations: 39)
  Rendered layout layouts/application.html.erb (Duration: 5.6ms | Allocations: 1165)
Completed 200 OK in 7ms (Views: 6.6ms | ActiveRecord: 0.0ms | Allocations: 1362)


Started POST "/bands?name=coldplay" for ::1 at 2023-10-03 09:15:38 -0400
Processing by BandsController#create as */*
  Parameters: {"name"=>"coldplay"}
Completed 400 Bad Request in 1ms (ActiveRecord: 0.0ms | Allocations: 148)


  
ActionController::ParameterMissing (param is missing or the value is empty: band):
  
app/controllers/bands_controller.rb:58:in `band_params'
app/controllers/bands_controller.rb:9:in `create'
Started POST "/band?name=coldplay" for ::1 at 2023-10-03 09:16:07 -0400
  
ActionController::RoutingError (No route matches [POST] "/band"):
  
Started POST "/bands?name=coldplay" for ::1 at 2023-10-03 09:16:16 -0400
Processing by BandsController#create as */*
  Parameters: {"name"=>"coldplay"}
Completed 400 Bad Request in 1ms (ActiveRecord: 0.0ms | Allocations: 131)


  
ActionController::ParameterMissing (param is missing or the value is empty: band):
  
app/controllers/bands_controller.rb:58:in `band_params'
app/controllers/bands_controller.rb:9:in `create'
Started POST "/bands?name=coldplay" for ::1 at 2023-10-03 09:17:52 -0400
Processing by BandsController#create as */*
  Parameters: {"name"=>"coldplay"}
Completed 400 Bad Request in 3ms (ActiveRecord: 0.0ms | Allocations: 811)


  
ActionController::ParameterMissing (param is missing or the value is empty: band):
  
app/controllers/bands_controller.rb:59:in `band_params'
app/controllers/bands_controller.rb:9:in `create'
Started POST "/bands?name=coldplay" for ::1 at 2023-10-03 09:19:50 -0400
Processing by BandsController#create as */*
  Parameters: {"name"=>"coldplay"}
Completed 400 Bad Request in 1ms (ActiveRecord: 0.0ms | Allocations: 811)


  
ActionController::ParameterMissing (param is missing or the value is empty: band):
  
app/controllers/bands_controller.rb:58:in `band_params'
app/controllers/bands_controller.rb:9:in `create'
Started POST "/bands/new" for ::1 at 2023-10-03 09:20:40 -0400
  
ActionController::RoutingError (No route matches [POST] "/bands/new"):
  
Started GET "/bands/new" for ::1 at 2023-10-03 09:20:48 -0400
Processing by BandsController#new as */*
  Rendering layout layouts/application.html.erb
  Rendering bands/new.html.erb within layouts/application
  Rendered bands/new.html.erb within layouts/application (Duration: 0.4ms | Allocations: 75)
  Rendered layout layouts/application.html.erb (Duration: 4.4ms | Allocations: 1480)
Completed 200 OK in 8ms (Views: 7.1ms | ActiveRecord: 0.0ms | Allocations: 1997)


Started GET "/bands" for ::1 at 2023-10-03 09:20:57 -0400
Processing by BandsController#index as */*
  Rendering layout layouts/application.html.erb
  Rendering bands/index.html.erb within layouts/application
  [1m[36mBand Load (0.8ms)[0m  [1m[34mSELECT "bands".* FROM "bands"[0m
  ↳ app/views/bands/index.html.erb:2
  Rendered bands/index.html.erb within layouts/application (Duration: 3.7ms | Allocations: 661)
  Rendered layout layouts/application.html.erb (Duration: 7.3ms | Allocations: 1760)
Completed 200 OK in 9ms (Views: 7.4ms | ActiveRecord: 0.8ms | Allocations: 2163)


Started GET "/bands?name=coldplay" for ::1 at 2023-10-03 09:21:33 -0400
Processing by BandsController#index as */*
  Parameters: {"name"=>"coldplay"}
  Rendering layout layouts/application.html.erb
  Rendering bands/index.html.erb within layouts/application
  [1m[36mBand Load (1.4ms)[0m  [1m[34mSELECT "bands".* FROM "bands"[0m
  ↳ app/views/bands/index.html.erb:2
  Rendered bands/index.html.erb within layouts/application (Duration: 4.9ms | Allocations: 689)
  Rendered layout layouts/application.html.erb (Duration: 10.0ms | Allocations: 2077)
Completed 200 OK in 16ms (Views: 11.3ms | ActiveRecord: 1.4ms | Allocations: 3421)


Started POST "/bands?name=coldplay" for ::1 at 2023-10-03 09:21:39 -0400
Processing by BandsController#create as */*
  Parameters: {"name"=>"coldplay"}
Completed 400 Bad Request in 1ms (ActiveRecord: 0.0ms | Allocations: 158)


  
ActionController::ParameterMissing (param is missing or the value is empty: band):
  
app/controllers/bands_controller.rb:58:in `band_params'
app/controllers/bands_controller.rb:9:in `create'
Started POST "/bands" for ::1 at 2023-10-03 09:29:40 -0400
Processing by BandsController#create as */*
Completed 400 Bad Request in 1ms (ActiveRecord: 0.0ms | Allocations: 128)


  
ActionController::ParameterMissing (param is missing or the value is empty: band):
  
app/controllers/bands_controller.rb:58:in `band_params'
app/controllers/bands_controller.rb:9:in `create'
Started GET "/bands" for ::1 at 2023-10-03 09:29:50 -0400
Processing by BandsController#index as */*
  Rendering layout layouts/application.html.erb
  Rendering bands/index.html.erb within layouts/application
  [1m[36mBand Load (1.5ms)[0m  [1m[34mSELECT "bands".* FROM "bands"[0m
  ↳ app/views/bands/index.html.erb:2
  Rendered bands/index.html.erb within layouts/application (Duration: 24.5ms | Allocations: 3506)
  Rendered layout layouts/application.html.erb (Duration: 31.6ms | Allocations: 4631)
Completed 200 OK in 34ms (Views: 21.9ms | ActiveRecord: 10.9ms | Allocations: 4860)


Started GET "/bands/new" for ::1 at 2023-10-03 09:29:55 -0400
Processing by BandsController#new as */*
  Rendering layout layouts/application.html.erb
  Rendering bands/new.html.erb within layouts/application
  Rendered bands/new.html.erb within layouts/application (Duration: 0.7ms | Allocations: 61)
  Rendered layout layouts/application.html.erb (Duration: 4.4ms | Allocations: 1157)
Completed 200 OK in 5ms (Views: 5.2ms | ActiveRecord: 0.0ms | Allocations: 1354)


Started GET "/bands" for ::1 at 2023-10-03 09:30:06 -0400
Processing by BandsController#index as */*
  Rendering layout layouts/application.html.erb
  Rendering bands/index.html.erb within layouts/application
  [1m[36mBand Load (0.6ms)[0m  [1m[34mSELECT "bands".* FROM "bands"[0m
  ↳ app/views/bands/index.html.erb:2
  Rendered bands/index.html.erb within layouts/application (Duration: 3.3ms | Allocations: 542)
  Rendered layout layouts/application.html.erb (Duration: 7.1ms | Allocations: 1656)
Completed 200 OK in 8ms (Views: 7.3ms | ActiveRecord: 0.6ms | Allocations: 1865)


Started GET "/bands" for ::1 at 2023-10-03 09:31:14 -0400
Processing by BandsController#index as */*
  Parameters: {"band"=>{"name"=>"coldplay"}}
  Rendering layout layouts/application.html.erb
  Rendering bands/index.html.erb within layouts/application
  [1m[36mBand Load (0.5ms)[0m  [1m[34mSELECT "bands".* FROM "bands"[0m
  ↳ app/views/bands/index.html.erb:2
  Rendered bands/index.html.erb within layouts/application (Duration: 3.7ms | Allocations: 630)
  Rendered layout layouts/application.html.erb (Duration: 8.0ms | Allocations: 1922)
Completed 200 OK in 10ms (Views: 8.8ms | ActiveRecord: 0.5ms | Allocations: 2197)


Started POST "/bands" for ::1 at 2023-10-03 09:32:35 -0400
Processing by BandsController#create as */*
  Parameters: {"band"=>{"name"=>"coldplay"}}
  [1m[36mTRANSACTION (1.9ms)[0m  [1m[35mBEGIN[0m
  ↳ app/controllers/bands_controller.rb:11:in `create'
  [1m[36mBand Exists? (2.9ms)[0m  [1m[34mSELECT 1 AS one FROM "bands" WHERE "bands"."name" = $1 LIMIT $2[0m  [["name", "coldplay"], ["LIMIT", 1]]
  ↳ app/controllers/bands_controller.rb:11:in `create'
  [1m[36mBand Create (14.0ms)[0m  [1m[32mINSERT INTO "bands" ("name", "created_at", "updated_at") VALUES ($1, $2, $3) RETURNING "id"[0m  [["name", "coldplay"], ["created_at", "2023-10-03 13:32:35.134943"], ["updated_at", "2023-10-03 13:32:35.134943"]]
  ↳ app/controllers/bands_controller.rb:11:in `create'
  [1m[36mTRANSACTION (6.0ms)[0m  [1m[35mCOMMIT[0m
  ↳ app/controllers/bands_controller.rb:11:in `create'
Redirected to http://localhost:3000/bands.1
Completed 302 Found in 129ms (ActiveRecord: 34.7ms | Allocations: 7649)


Started GET "/bands.1" for ::1 at 2023-10-03 09:32:35 -0400
Processing by BandsController#index as */*
  Rendering layout layouts/application.html.erb
  Rendering bands/index.html.erb within layouts/application
  [1m[36mBand Load (1.4ms)[0m  [1m[34mSELECT "bands".* FROM "bands"[0m
  ↳ app/views/bands/index.html.erb:2
  Rendered bands/index.html.erb within layouts/application (Duration: 6.1ms | Allocations: 605)
  Rendered layout layouts/application.html.erb (Duration: 14.2ms | Allocations: 1906)
Completed 200 OK in 17ms (Views: 14.3ms | ActiveRecord: 1.4ms | Allocations: 2157)


Started POST "/bands/new" for ::1 at 2023-10-03 09:32:45 -0400
  
ActionController::RoutingError (No route matches [POST] "/bands/new"):
  
Started GET "/bands/new" for ::1 at 2023-10-03 09:32:51 -0400
Processing by BandsController#new as */*
  Parameters: {"band"=>{"name"=>"coldplay"}}
  Rendering layout layouts/application.html.erb
  Rendering bands/new.html.erb within layouts/application
  Rendered bands/new.html.erb within layouts/application (Duration: 0.2ms | Allocations: 39)
  Rendered layout layouts/application.html.erb (Duration: 2.8ms | Allocations: 1138)
Completed 200 OK in 4ms (Views: 3.5ms | ActiveRecord: 0.0ms | Allocations: 1335)


Started GET "/bands/new" for ::1 at 2023-10-03 09:34:02 -0400
Processing by BandsController#new as HTML
  Rendering layout layouts/application.html.erb
  Rendering bands/new.html.erb within layouts/application
  Rendered bands/new.html.erb within layouts/application (Duration: 0.9ms | Allocations: 39)
  Rendered layout layouts/application.html.erb (Duration: 12.3ms | Allocations: 1167)
Completed 200 OK in 15ms (Views: 13.9ms | ActiveRecord: 0.0ms | Allocations: 1358)


Started POST "/bands" for ::1 at 2023-10-03 09:34:07 -0400
Processing by BandsController#create as HTML
  Parameters: {"band"=>{"name"=>"hippocampus"}}
  [1m[36mTRANSACTION (0.6ms)[0m  [1m[35mBEGIN[0m
  ↳ app/controllers/bands_controller.rb:11:in `create'
  [1m[36mBand Exists? (3.9ms)[0m  [1m[34mSELECT 1 AS one FROM "bands" WHERE "bands"."name" = $1 LIMIT $2[0m  [["name", "hippocampus"], ["LIMIT", 1]]
  ↳ app/controllers/bands_controller.rb:11:in `create'
  [1m[36mBand Create (2.3ms)[0m  [1m[32mINSERT INTO "bands" ("name", "created_at", "updated_at") VALUES ($1, $2, $3) RETURNING "id"[0m  [["name", "hippocampus"], ["created_at", "2023-10-03 13:34:07.341940"], ["updated_at", "2023-10-03 13:34:07.341940"]]
  ↳ app/controllers/bands_controller.rb:11:in `create'
  [1m[36mTRANSACTION (4.0ms)[0m  [1m[35mCOMMIT[0m
  ↳ app/controllers/bands_controller.rb:11:in `create'
Redirected to http://localhost:3000/bands.2
Completed 302 Found in 30ms (ActiveRecord: 10.8ms | Allocations: 2773)


Started GET "/bands.2" for ::1 at 2023-10-03 09:34:07 -0400
Processing by BandsController#index as */*
  Rendering layout layouts/application.html.erb
  Rendering bands/index.html.erb within layouts/application
  [1m[36mBand Load (0.7ms)[0m  [1m[34mSELECT "bands".* FROM "bands"[0m
  ↳ app/views/bands/index.html.erb:2
  Rendered bands/index.html.erb within layouts/application (Duration: 3.3ms | Allocations: 574)
  Rendered layout layouts/application.html.erb (Duration: 10.2ms | Allocations: 1777)
Completed 200 OK in 12ms (Views: 10.8ms | ActiveRecord: 0.7ms | Allocations: 1980)


